Detecting compiler hash for triplet x64-linux...
Compiler found: /usr/bin/c++
The following packages will be built and installed:
  * cgltf:x64-linux@1.14
  * dirent:x64-linux@1.26
  * drlibs:x64-linux@2023-08-16
    flecs:x64-linux@4.1.0
  * glfw3:x64-linux@3.4#1
    lua:x64-linux@5.4.8
  * miniaudio:x64-linux@0.11.22
  * mmx:x64-linux@2022-03-27
  * nanosvg:x64-linux@2023-12-29
    nlohmann-json:x64-linux@3.12.0
  * qoi:x64-linux@2023-08-10
    raylib[core,use-audio]:x64-linux@5.5
  * stb:x64-linux@2024-07-29#1
  * vcpkg-cmake:x64-linux@2024-04-23
  * vcpkg-cmake-config:x64-linux@2024-05-23
Additional packages (*) will be modified to complete this operation.
Restored 0 package(s) from /home/runner/.cache/vcpkg/archives in 25.4 us. Use --debug to see more details.
Installing 1/15 vcpkg-cmake-config:x64-linux@2024-05-23...
Building vcpkg-cmake-config:x64-linux@2024-05-23...
-- Installing: /usr/local/share/vcpkg/packages/vcpkg-cmake-config_x64-linux/share/vcpkg-cmake-config/vcpkg_cmake_config_fixup.cmake
-- Installing: /usr/local/share/vcpkg/packages/vcpkg-cmake-config_x64-linux/share/vcpkg-cmake-config/vcpkg-port-config.cmake
-- Installing: /usr/local/share/vcpkg/packages/vcpkg-cmake-config_x64-linux/share/vcpkg-cmake-config/copyright
-- Skipping post-build validation due to VCPKG_POLICY_EMPTY_PACKAGE
Starting submission of vcpkg-cmake-config:x64-linux@2024-05-23 to 1 binary cache(s) in the background
Elapsed time to handle vcpkg-cmake-config:x64-linux: 46.6 ms
vcpkg-cmake-config:x64-linux package ABI: c2defcd1a0e6cc2e89d07edce2d80253f27f4293eb34ed62417a2faa7b33a027
Installing 2/15 vcpkg-cmake:x64-linux@2024-04-23...
Building vcpkg-cmake:x64-linux@2024-04-23...
-- Installing: /usr/local/share/vcpkg/packages/vcpkg-cmake_x64-linux/share/vcpkg-cmake/vcpkg_cmake_configure.cmake
-- Installing: /usr/local/share/vcpkg/packages/vcpkg-cmake_x64-linux/share/vcpkg-cmake/vcpkg_cmake_build.cmake
-- Installing: /usr/local/share/vcpkg/packages/vcpkg-cmake_x64-linux/share/vcpkg-cmake/vcpkg_cmake_install.cmake
-- Installing: /usr/local/share/vcpkg/packages/vcpkg-cmake_x64-linux/share/vcpkg-cmake/vcpkg-port-config.cmake
-- Installing: /usr/local/share/vcpkg/packages/vcpkg-cmake_x64-linux/share/vcpkg-cmake/copyright
-- Performing post-build validation
Starting submission of vcpkg-cmake:x64-linux@2024-04-23 to 1 binary cache(s) in the background
Elapsed time to handle vcpkg-cmake:x64-linux: 27.5 ms
vcpkg-cmake:x64-linux package ABI: be0a7c4f5267a911c312e53e0568cae3d70d33d3e6ca61d7826c82f0ff0649c9
Installing 3/15 flecs:x64-linux@4.1.0...
Building flecs:x64-linux@4.1.0...
Downloading https://github.com/SanderMertens/flecs/archive/v4.1.0.tar.gz -> SanderMertens-flecs-v4.1.0.tar.gz
Successfully downloaded SanderMertens-flecs-v4.1.0.tar.gz
-- Extracting source /usr/local/share/vcpkg/downloads/SanderMertens-flecs-v4.1.0.tar.gz
-- Using source at /usr/local/share/vcpkg/buildtrees/flecs/src/v4.1.0-815e88050b.clean
-- Found external ninja('1.13.1').
-- Configuring x64-linux
-- Building x64-linux-dbg
-- Building x64-linux-rel
-- Installing: /usr/local/share/vcpkg/packages/flecs_x64-linux/share/flecs/vcpkg-cmake-wrapper.cmake
-- Installing: /usr/local/share/vcpkg/packages/flecs_x64-linux/share/flecs/usage
-- Installing: /usr/local/share/vcpkg/packages/flecs_x64-linux/share/flecs/copyright
-- Performing post-build validation
Starting submission of flecs:x64-linux@4.1.0 to 1 binary cache(s) in the background
Elapsed time to handle flecs:x64-linux: 23 s
flecs:x64-linux package ABI: 94ae495913b3bcf85dc6888531776c5141d926d8e92a56cb7bc1b5cf9a4282e7
Completed submission of vcpkg-cmake-config:x64-linux@2024-05-23 to 1 binary cache(s) in 40.7 ms
Completed submission of vcpkg-cmake:x64-linux@2024-04-23 to 1 binary cache(s) in 2.6 ms
Installing 4/15 lua:x64-linux@5.4.8...
Building lua:x64-linux@5.4.8...
Downloading https://www.lua.org/ftp/lua-5.4.8.tar.gz -> lua-5.4.8.tar.gz
warning: Problem : timeout. Will retry in 1 seconds. 3 retries left.
warning: Problem : timeout. Will retry in 2 seconds. 2 retries left.
warning: Problem : timeout. Will retry in 4 seconds. 1 retries left.
error: curl: (6) Could not resolve host: www.lua.org
note: If you are using a proxy, please ensure your proxy settings are correct.
Possible causes are:
1. You are actually using an HTTP proxy, but setting HTTPS_PROXY variable to `https//address:port`.
This is not correct, because `https://` prefix claims the proxy is an HTTPS proxy, while your proxy (v2ray, shadowsocksr, etc...) is an HTTP proxy.
Try setting `http://address:port` to both HTTP_PROXY and HTTPS_PROXY instead.
2. If you are using Windows, vcpkg will automatically use your Windows IE Proxy Settings set by your proxy software. See: https://github.com/microsoft/vcpkg-tool/pull/77
The value set by your proxy might be wrong, or have same `https://` prefix issue.
3. Your proxy's remote server is out of service.
If you believe this is not a temporary download server failure and vcpkg needs to be changed to download this file from a different location, please submit an issue to https://github.com/Microsoft/vcpkg/issues
CMake Error at scripts/cmake/vcpkg_download_distfile.cmake:136 (message):
  Download failed, halting portfile.
Call Stack (most recent call first):
  buildtrees/versioning_/versions/lua/062ae235ae46d4bce8b00be2c74667e0763cc2c1/portfile.cmake:1 (vcpkg_download_distfile)
  scripts/ports.cmake:206 (include)


error: building lua:x64-linux failed with: BUILD_FAILED
See https://learn.microsoft.com/vcpkg/troubleshoot/build-failures?WT.mc_id=vcpkg_inproduct_cli for more information.
Elapsed time to handle lua:x64-linux: 7.1 s
Please ensure you're using the latest port files with `git pull` and `vcpkg update`.
Then check for known issues at:
  https://github.com/microsoft/vcpkg/issues?q=is%3Aissue+is%3Aopen+in%3Atitle+lua
You can submit a new issue at:
  https://github.com/microsoft/vcpkg/issues/new?title=%5Blua%5D%20build%20error%20on%20x64-linux&body=Copy%20issue%20body%20from%20collapsed%20section%20%22issue_body.md%22%20in%20the%20ci%20log%20output
::group::issue_body.md
Package: lua:x64-linux@5.4.8

**Host Environment**

- Host: x64-linux
- Compiler: GNU 13.3.0
- CMake Version: 3.31.6
-    vcpkg-tool version: 2025-10-10-09baed229fa02ec5242fcf8e0cada24c6a81b0d7
    vcpkg-scripts version: dfe6ce6605 2025-10-14 (3 days ago)

**To Reproduce**

`vcpkg install `

**Failure logs**

```
Downloading https://www.lua.org/ftp/lua-5.4.8.tar.gz -> lua-5.4.8.tar.gz
warning: Problem : timeout. Will retry in 1 seconds. 3 retries left.
warning: Problem : timeout. Will retry in 2 seconds. 2 retries left.
warning: Problem : timeout. Will retry in 4 seconds. 1 retries left.
error: curl: (6) Could not resolve host: www.lua.org
note: If you are using a proxy, please ensure your proxy settings are correct.
Possible causes are:
1. You are actually using an HTTP proxy, but setting HTTPS_PROXY variable to `https//address:port`.
This is not correct, because `https://` prefix claims the proxy is an HTTPS proxy, while your proxy (v2ray, shadowsocksr, etc...) is an HTTP proxy.
Try setting `http://address:port` to both HTTP_PROXY and HTTPS_PROXY instead.
2. If you are using Windows, vcpkg will automatically use your Windows IE Proxy Settings set by your proxy software. See: https://github.com/microsoft/vcpkg-tool/pull/77
The value set by your proxy might be wrong, or have same `https://` prefix issue.
3. Your proxy's remote server is out of service.
If you believe this is not a temporary download server failure and vcpkg needs to be changed to download this file from a different location, please submit an issue to https://github.com/Microsoft/vcpkg/issues
CMake Error at scripts/cmake/vcpkg_download_distfile.cmake:136 (message):
  Download failed, halting portfile.
Call Stack (most recent call first):
  buildtrees/versioning_/versions/lua/062ae235ae46d4bce8b00be2c74667e0763cc2c1/portfile.cmake:1 (vcpkg_download_distfile)
  scripts/ports.cmake:206 (include)



```

**Additional context**

<details><summary>vcpkg.json</summary>

```
{
  "$schema": "https://raw.githubusercontent.com/microsoft/vcpkg-tool/main/docs/vcpkg.schema.json",
  "name": "towerforge",
  "version": "0.1.0",
  "dependencies": [
    "flecs",
    "lua",
    "raylib",
    "nlohmann-json"
  ],
  "supports": "windows",
  "builtin-baseline": "dd3097e305afa53f7b4312371f62058d2e665320"
}

```
</details>
::endgroup::

Completed submission of flecs:x64-linux@4.1.0 to 1 binary cache(s) in 576 ms
